<?xml version="1.0" encoding="UTF-8"?>
<!-- Generated by org.testng.reporters.JUnitXMLReporter -->
<testsuite hostname="Anurags-MBP.lan" name="Default test" tests="2" failures="0" timestamp="3 May 2020 20:26:31 GMT" time="2.666" errors="0">
  <testcase name="isMovieContentAvailable" time="1.864" classname="qaEnginnerPaytmInsider.qaEngineerPaytmInsider.script"/>
  <testcase name="validatingMovieData" time="0.38" classname="qaEnginnerPaytmInsider.qaEngineerPaytmInsider.script"/>
</testsuite> <!-- Default test -->
