<?xml version="1.0" encoding="UTF-8"?>
<!-- Generated by org.testng.reporters.JUnitXMLReporter -->
<testsuite hostname="Anurags-MBP.lan" name="Test" tests="2" failures="0" timestamp="3 May 2020 20:37:39 GMT" time="2.999" errors="0">
  <testcase name="isMovieContentAvailable" time="2.126" classname="qaEnginnerPaytmInsider.qaEngineerPaytmInsider.script"/>
  <testcase name="validatingMovieData" time="0.392" classname="qaEnginnerPaytmInsider.qaEngineerPaytmInsider.script"/>
</testsuite> <!-- Test -->
